<?xml version="1.0" encoding="UTF-8"?>
<!-- Generated by org.testng.reporters.JUnitXMLReporter -->
<testsuite ignored="0" hostname="DESKTOP-B4E308O" failures="0" tests="1" name="LoginPageTest" time="11.512" errors="0" timestamp="2021-09-02T11:34:41 IST">
  <testcase classname="com.qaautomation.testbase.TestBase" name="@BeforeMethod initialization" time="11.466">
    <failure type="java.lang.NullPointerException" message="Cannot invoke &amp;quot;com.aventstack.extentreports.ExtentReports.createTest(String)&amp;quot; because &amp;quot;this.extent&amp;quot; is null">
      <![CDATA[java.lang.NullPointerException: Cannot invoke "com.aventstack.extentreports.ExtentReports.createTest(String)" because "this.extent" is null
at com.qaautomation.testbase.TestBase.initialization(TestBase.java:101)
at java.base/java.util.ArrayList.forEach(ArrayList.java:1511)
at java.base/java.util.concurrent.FutureTask.run(FutureTask.java:264)
at java.base/java.util.concurrent.ThreadPoolExecutor.runWorker(ThreadPoolExecutor.java:1130)
at java.base/java.util.concurrent.ThreadPoolExecutor$Worker.run(ThreadPoolExecutor.java:630)
at java.base/java.lang.Thread.run(Thread.java:831)
... Removed 22 stack frames]]>
    </failure>
  </testcase> <!-- @BeforeMethod initialization -->
  <testcase classname="com.qaautomation.testbase.TestBase" name="@AfterMethod quiteBrowser" time="-1.630562681951E9">
    <skipped/>
  </testcase> <!-- @AfterMethod quiteBrowser -->
  <testcase classname="com.qaautomation.tests.LoginPageTest" name="doLoginWithCredentail" time="0.0">
    <skipped/>
  </testcase> <!-- doLoginWithCredentail -->
</testsuite> <!-- LoginPageTest -->
