<?xml version="1.0" encoding="UTF-8"?>
<!-- Generated by org.testng.reporters.JUnitXMLReporter -->
<testsuite ignored="0" hostname="DESKTOP-B4E308O" failures="1" tests="1" name="RegisterPageTest" time="85.816" errors="0" timestamp="2021-09-02T20:31:39 IST">
  <testcase classname="com.qaautomation.tests.RegisterPageTest" name="doRegisterWithData" time="76.633">
    <failure type="java.lang.NullPointerException" message="Cannot invoke &amp;quot;org.openqa.selenium.WebElement.getText()&amp;quot; because the return value of &amp;quot;com.qaautomation.utilities.TestUtils.waitForElementToBePresent(org.openqa.selenium.WebDriver, org.openqa.selenium.WebElement)&amp;quot; is null">
      <![CDATA[java.lang.NullPointerException: Cannot invoke "org.openqa.selenium.WebElement.getText()" because the return value of "com.qaautomation.utilities.TestUtils.waitForElementToBePresent(org.openqa.selenium.WebDriver, org.openqa.selenium.WebElement)" is null
at com.qaautomation.pages.AccountPage.doVerifyProfileName(AccountPage.java:85)
at com.qaautomation.tests.RegisterPageTest.doRegisterWithData(RegisterPageTest.java:50)
at java.base/java.util.ArrayList.forEach(ArrayList.java:1511)
at java.base/java.util.concurrent.FutureTask.run(FutureTask.java:264)
at java.base/java.util.concurrent.ThreadPoolExecutor.runWorker(ThreadPoolExecutor.java:1130)
at java.base/java.util.concurrent.ThreadPoolExecutor$Worker.run(ThreadPoolExecutor.java:630)
at java.base/java.lang.Thread.run(Thread.java:831)
... Removed 18 stack frames]]>
    </failure>
  </testcase> <!-- doRegisterWithData -->
</testsuite> <!-- RegisterPageTest -->
