<?xml version="1.0" encoding="UTF-8"?>
<!-- Generated by org.testng.reporters.JUnitXMLReporter -->
<testsuite ignored="6" hostname="DESKTOP-B4E308O" failures="0" tests="4" name="Test" time="19.508" errors="0" timestamp="2021-09-01T21:28:42 IST">
  <testcase classname="com.qaautomation.testbase.TestBase" name="@BeforeMethod initialization" time="2.135">
    <failure type="java.lang.NullPointerException" message="Cannot invoke &amp;quot;com.aventstack.extentreports.ExtentReports.createTest(String)&amp;quot; because &amp;quot;this.extent&amp;quot; is null">
      <![CDATA[java.lang.NullPointerException: Cannot invoke "com.aventstack.extentreports.ExtentReports.createTest(String)" because "this.extent" is null
at com.qaautomation.testbase.TestBase.initialization(TestBase.java:99)
at java.base/java.util.ArrayList.forEach(ArrayList.java:1511)
... Removed 31 stack frames]]>
    </failure>
  </testcase> <!-- @BeforeMethod initialization -->
  <testcase classname="com.qaautomation.testbase.TestBase" name="@AfterMethod quiteBrowser" time="-1.63051191762E9">
    <skipped/>
  </testcase> <!-- @AfterMethod quiteBrowser -->
  <testcase classname="com.qaautomation.testbase.TestBase" name="@BeforeMethod initialization" time="2.506">
    <failure type="java.lang.NullPointerException" message="Cannot invoke &amp;quot;com.aventstack.extentreports.ExtentReports.createTest(String)&amp;quot; because &amp;quot;this.extent&amp;quot; is null">
      <![CDATA[java.lang.NullPointerException: Cannot invoke "com.aventstack.extentreports.ExtentReports.createTest(String)" because "this.extent" is null
at com.qaautomation.testbase.TestBase.initialization(TestBase.java:99)
at java.base/java.util.ArrayList.forEach(ArrayList.java:1511)
... Removed 31 stack frames]]>
    </failure>
  </testcase> <!-- @BeforeMethod initialization -->
  <testcase classname="com.qaautomation.testbase.TestBase" name="@AfterMethod quiteBrowser" time="-1.630511920136E9">
    <skipped/>
  </testcase> <!-- @AfterMethod quiteBrowser -->
  <testcase classname="com.qaautomation.testbase.TestBase" name="@BeforeMethod initialization" time="2.69">
    <failure type="java.lang.NullPointerException" message="Cannot invoke &amp;quot;com.aventstack.extentreports.ExtentReports.createTest(String)&amp;quot; because &amp;quot;this.extent&amp;quot; is null">
      <![CDATA[java.lang.NullPointerException: Cannot invoke "com.aventstack.extentreports.ExtentReports.createTest(String)" because "this.extent" is null
at com.qaautomation.testbase.TestBase.initialization(TestBase.java:99)
at java.base/java.util.ArrayList.forEach(ArrayList.java:1511)
... Removed 31 stack frames]]>
    </failure>
  </testcase> <!-- @BeforeMethod initialization -->
  <testcase classname="com.qaautomation.testbase.TestBase" name="@AfterMethod quiteBrowser" time="-1.630511922842E9">
    <skipped/>
  </testcase> <!-- @AfterMethod quiteBrowser -->
  <testcase classname="com.qaautomation.tests.LoginPageTest" name="doLoginWithCredentail" time="8.086"/>
  <testcase classname="com.qaautomation.tests.RegisterPageTest" name="doRegisterWithData" time="0.0">
    <skipped/>
  </testcase> <!-- doRegisterWithData -->
  <testcase classname="com.qaautomation.tests.HomePageTest" name="DoVerifyHomePage" time="0.0">
    <skipped/>
  </testcase> <!-- DoVerifyHomePage -->
  <testcase classname="com.qaautomation.tests.AccountPageTest" name="DoVerifyUsername" time="0.0">
    <skipped/>
  </testcase> <!-- DoVerifyUsername -->
  <testcase classname="com.qaautomation.testbase.TestBase" name="@BeforeSuite setReport" time="0.0">
    <ignored/>
  </testcase> <!-- @BeforeSuite setReport -->
  <testcase classname="com.qaautomation.testbase.TestBase" name="@BeforeSuite setReport" time="0.0">
    <ignored/>
  </testcase> <!-- @BeforeSuite setReport -->
  <testcase classname="com.qaautomation.testbase.TestBase" name="@BeforeSuite setReport" time="0.0">
    <ignored/>
  </testcase> <!-- @BeforeSuite setReport -->
  <testcase classname="com.qaautomation.testbase.TestBase" name="@AfterSuite flushReport" time="0.0">
    <ignored/>
  </testcase> <!-- @AfterSuite flushReport -->
  <testcase classname="com.qaautomation.testbase.TestBase" name="@AfterSuite flushReport" time="0.0">
    <ignored/>
  </testcase> <!-- @AfterSuite flushReport -->
  <testcase classname="com.qaautomation.testbase.TestBase" name="@AfterSuite flushReport" time="0.0">
    <ignored/>
  </testcase> <!-- @AfterSuite flushReport -->
</testsuite> <!-- Test -->
