<?xml version="1.0" encoding="UTF-8"?>
<testng-results ignored="0" total="4" passed="2" failed="2" skipped="0">
  <reporter-output>
  </reporter-output>
  <suite started-at="2021-09-02T23:21:13 IST" name="Suite" finished-at="2021-09-02T23:23:15 IST" duration-ms="122452">
    <groups>
    </groups>
    <test started-at="2021-09-02T23:21:13 IST" name="LoginPageTest" finished-at="2021-09-02T23:21:27 IST" duration-ms="14553">
      <class name="com.qaautomation.tests.LoginPageTest">
        <test-method is-config="true" signature="initialization(java.lang.reflect.Method)[pri:0, instance:com.qaautomation.tests.LoginPageTest@783a467b]" started-at="2021-09-02T23:21:13 IST" name="initialization" finished-at="2021-09-02T23:21:18 IST" duration-ms="5437" status="PASS">
          <params>
            <param index="0">
              <value>
                <![CDATA[public void com.qaautomation.tests.LoginPageTest.doLoginWithCredentail() throws java.lang.Exception]]>
              </value>
            </param>
          </params>
          <reporter-output>
          </reporter-output>
        </test-method> <!-- initialization -->
        <test-method signature="doLoginWithCredentail()[pri:0, instance:com.qaautomation.tests.LoginPageTest@783a467b]" started-at="2021-09-02T23:21:18 IST" name="doLoginWithCredentail" finished-at="2021-09-02T23:21:27 IST" duration-ms="8306" status="PASS">
          <reporter-output>
          </reporter-output>
        </test-method> <!-- doLoginWithCredentail -->
        <test-method is-config="true" signature="quiteBrowser(org.testng.ITestResult)[pri:0, instance:com.qaautomation.tests.LoginPageTest@783a467b]" started-at="2021-09-02T23:21:27 IST" name="quiteBrowser" finished-at="2021-09-02T23:21:27 IST" duration-ms="777" status="PASS">
          <params>
            <param index="0">
              <value>
                <![CDATA[[TestResult name=doLoginWithCredentail status=SUCCESS method=LoginPageTest.doLoginWithCredentail()[pri:0, instance:com.qaautomation.tests.LoginPageTest@783a467b] output={null}]]]>
              </value>
            </param>
          </params>
          <reporter-output>
          </reporter-output>
        </test-method> <!-- quiteBrowser -->
      </class> <!-- com.qaautomation.tests.LoginPageTest -->
    </test> <!-- LoginPageTest -->
    <test started-at="2021-09-02T23:21:27 IST" name="RegisterPageTest" finished-at="2021-09-02T23:22:45 IST" duration-ms="77795">
      <class name="com.qaautomation.tests.RegisterPageTest">
        <test-method is-config="true" signature="initialization(java.lang.reflect.Method)[pri:0, instance:com.qaautomation.tests.RegisterPageTest@3e27aa33]" started-at="2021-09-02T23:21:29 IST" name="initialization" finished-at="2021-09-02T23:21:31 IST" duration-ms="2780" status="PASS">
          <params>
            <param index="0">
              <value>
                <![CDATA[public void com.qaautomation.tests.RegisterPageTest.doRegisterWithData(java.lang.String,java.lang.String,java.lang.String,java.lang.String) throws java.lang.InterruptedException]]>
              </value>
            </param>
          </params>
          <reporter-output>
          </reporter-output>
        </test-method> <!-- initialization -->
        <test-method signature="doRegisterWithData(java.lang.String,java.lang.String,java.lang.String,java.lang.String)[pri:0, instance:com.qaautomation.tests.RegisterPageTest@3e27aa33]" started-at="2021-09-02T23:21:31 IST" name="doRegisterWithData" data-provider="commonDataProvider" finished-at="2021-09-02T23:22:44 IST" duration-ms="72629" status="FAIL">
          <params>
            <param index="0">
              <value>
                <![CDATA[MyUserName02]]>
              </value>
            </param>
            <param index="1">
              <value>
                <![CDATA[MyUserName02@gmail.com]]>
              </value>
            </param>
            <param index="2">
              <value>
                <![CDATA[MyUserName02]]>
              </value>
            </param>
            <param index="3">
              <value>
                <![CDATA[MyUserName02]]>
              </value>
            </param>
          </params>
          <exception class="java.lang.NullPointerException">
            <message>
              <![CDATA[Cannot invoke "org.openqa.selenium.WebElement.getText()" because the return value of "com.qaautomation.utilities.TestUtils.waitForElementToBePresent(org.openqa.selenium.WebDriver, org.openqa.selenium.WebElement)" is null]]>
            </message>
            <full-stacktrace>
              <![CDATA[java.lang.NullPointerException: Cannot invoke "org.openqa.selenium.WebElement.getText()" because the return value of "com.qaautomation.utilities.TestUtils.waitForElementToBePresent(org.openqa.selenium.WebDriver, org.openqa.selenium.WebElement)" is null
at com.qaautomation.pages.AccountPage.doVerifyProfileName(AccountPage.java:85)
at com.qaautomation.tests.RegisterPageTest.doRegisterWithData(RegisterPageTest.java:50)
at java.base/jdk.internal.reflect.NativeMethodAccessorImpl.invoke0(Native Method)
at java.base/jdk.internal.reflect.NativeMethodAccessorImpl.invoke(NativeMethodAccessorImpl.java:78)
at java.base/jdk.internal.reflect.DelegatingMethodAccessorImpl.invoke(DelegatingMethodAccessorImpl.java:43)
at java.base/java.lang.reflect.Method.invoke(Method.java:567)
at org.testng.internal.MethodInvocationHelper.invokeMethod(MethodInvocationHelper.java:133)
at org.testng.internal.TestInvoker.invokeMethod(TestInvoker.java:598)
at org.testng.internal.TestInvoker.invokeTestMethod(TestInvoker.java:173)
at org.testng.internal.MethodRunner.runInSequence(MethodRunner.java:46)
at org.testng.internal.TestInvoker$MethodInvocationAgent.invoke(TestInvoker.java:824)
at org.testng.internal.TestInvoker.invokeTestMethods(TestInvoker.java:146)
at org.testng.internal.TestMethodWorker.invokeTestMethods(TestMethodWorker.java:146)
at org.testng.internal.TestMethodWorker.run(TestMethodWorker.java:128)
at java.base/java.util.ArrayList.forEach(ArrayList.java:1511)
at org.testng.TestRunner.privateRun(TestRunner.java:794)
at org.testng.TestRunner.run(TestRunner.java:596)
at org.testng.SuiteRunner.runTest(SuiteRunner.java:377)
at org.testng.SuiteRunner.runSequentially(SuiteRunner.java:371)
at org.testng.SuiteRunner.privateRun(SuiteRunner.java:332)
at org.testng.SuiteRunner.run(SuiteRunner.java:276)
at org.testng.SuiteRunnerWorker.runSuite(SuiteRunnerWorker.java:53)
at org.testng.SuiteRunnerWorker.run(SuiteRunnerWorker.java:96)
at org.testng.TestNG.runSuitesSequentially(TestNG.java:1212)
at org.testng.TestNG.runSuitesLocally(TestNG.java:1134)
at org.testng.TestNG.runSuites(TestNG.java:1063)
at org.testng.TestNG.run(TestNG.java:1031)
at org.testng.remote.AbstractRemoteTestNG.run(AbstractRemoteTestNG.java:115)
at org.testng.remote.RemoteTestNG.initAndRun(RemoteTestNG.java:251)
at org.testng.remote.RemoteTestNG.main(RemoteTestNG.java:77)
]]>
            </full-stacktrace>
          </exception> <!-- java.lang.NullPointerException -->
          <reporter-output>
          </reporter-output>
        </test-method> <!-- doRegisterWithData -->
        <test-method is-config="true" signature="quiteBrowser(org.testng.ITestResult)[pri:0, instance:com.qaautomation.tests.RegisterPageTest@3e27aa33]" started-at="2021-09-02T23:22:44 IST" name="quiteBrowser" finished-at="2021-09-02T23:22:45 IST" duration-ms="1052" status="PASS">
          <params>
            <param index="0">
              <value>
                <![CDATA[[TestResult name=doRegisterWithData status=FAILURE method=RegisterPageTest.doRegisterWithData(java.lang.String,java.lang.String,java.lang.String,java.lang.String)[pri:0, instance:com.qaautomation.tests.RegisterPageTest@3e27aa33] output={null}]]]>
              </value>
            </param>
          </params>
          <reporter-output>
          </reporter-output>
        </test-method> <!-- quiteBrowser -->
      </class> <!-- com.qaautomation.tests.RegisterPageTest -->
    </test> <!-- RegisterPageTest -->
    <test started-at="2021-09-02T23:22:45 IST" name="HomePageTest" finished-at="2021-09-02T23:22:56 IST" duration-ms="10901">
      <class name="com.qaautomation.tests.HomePageTest">
        <test-method is-config="true" signature="initialization(java.lang.reflect.Method)[pri:0, instance:com.qaautomation.tests.HomePageTest@740cae06]" started-at="2021-09-02T23:22:45 IST" name="initialization" finished-at="2021-09-02T23:22:48 IST" duration-ms="2725" status="PASS">
          <params>
            <param index="0">
              <value>
                <![CDATA[public void com.qaautomation.tests.HomePageTest.DoVerifyHomePage() throws java.lang.Exception]]>
              </value>
            </param>
          </params>
          <reporter-output>
          </reporter-output>
        </test-method> <!-- initialization -->
        <test-method signature="DoVerifyHomePage()[pri:0, instance:com.qaautomation.tests.HomePageTest@740cae06]" started-at="2021-09-02T23:22:48 IST" name="DoVerifyHomePage" finished-at="2021-09-02T23:22:56 IST" duration-ms="7567" status="PASS">
          <reporter-output>
          </reporter-output>
        </test-method> <!-- DoVerifyHomePage -->
        <test-method is-config="true" signature="quiteBrowser(org.testng.ITestResult)[pri:0, instance:com.qaautomation.tests.HomePageTest@740cae06]" started-at="2021-09-02T23:22:56 IST" name="quiteBrowser" finished-at="2021-09-02T23:22:56 IST" duration-ms="593" status="PASS">
          <params>
            <param index="0">
              <value>
                <![CDATA[[TestResult name=DoVerifyHomePage status=SUCCESS method=HomePageTest.DoVerifyHomePage()[pri:0, instance:com.qaautomation.tests.HomePageTest@740cae06] output={null}]]]>
              </value>
            </param>
          </params>
          <reporter-output>
          </reporter-output>
        </test-method> <!-- quiteBrowser -->
      </class> <!-- com.qaautomation.tests.HomePageTest -->
    </test> <!-- HomePageTest -->
    <test started-at="2021-09-02T23:22:56 IST" name="AccountPageTest" finished-at="2021-09-02T23:23:15 IST" duration-ms="19134">
      <class name="com.qaautomation.tests.AccountPageTest">
        <test-method is-config="true" signature="setReport()[pri:0, instance:com.qaautomation.tests.AccountPageTest@6d4d66d2]" started-at="2021-09-02T23:21:12 IST" name="setReport" finished-at="2021-09-02T23:21:13 IST" duration-ms="410" status="PASS">
          <reporter-output>
          </reporter-output>
        </test-method> <!-- setReport -->
        <test-method is-config="true" signature="initialization(java.lang.reflect.Method)[pri:0, instance:com.qaautomation.tests.AccountPageTest@6d4d66d2]" started-at="2021-09-02T23:22:56 IST" name="initialization" finished-at="2021-09-02T23:22:59 IST" duration-ms="2629" status="PASS">
          <params>
            <param index="0">
              <value>
                <![CDATA[public void com.qaautomation.tests.AccountPageTest.DoVerifyUsername() throws java.lang.Exception]]>
              </value>
            </param>
          </params>
          <reporter-output>
          </reporter-output>
        </test-method> <!-- initialization -->
        <test-method signature="DoVerifyUsername()[pri:0, instance:com.qaautomation.tests.AccountPageTest@6d4d66d2]" started-at="2021-09-02T23:22:59 IST" name="DoVerifyUsername" finished-at="2021-09-02T23:23:14 IST" duration-ms="15453" status="FAIL">
          <exception class="java.lang.AssertionError">
            <message>
              <![CDATA[expected [AnFKuWOVAh] but found [anFKuWOVAh]]]>
            </message>
            <full-stacktrace>
              <![CDATA[java.lang.AssertionError: expected [AnFKuWOVAh] but found [anFKuWOVAh]
at org.testng.Assert.fail(Assert.java:99)
at org.testng.Assert.failNotEquals(Assert.java:1037)
at org.testng.Assert.assertEqualsImpl(Assert.java:140)
at org.testng.Assert.assertEquals(Assert.java:122)
at org.testng.Assert.assertEquals(Assert.java:629)
at org.testng.Assert.assertEquals(Assert.java:639)
at com.qaautomation.tests.AccountPageTest.DoVerifyUsername(AccountPageTest.java:52)
at java.base/jdk.internal.reflect.NativeMethodAccessorImpl.invoke0(Native Method)
at java.base/jdk.internal.reflect.NativeMethodAccessorImpl.invoke(NativeMethodAccessorImpl.java:78)
at java.base/jdk.internal.reflect.DelegatingMethodAccessorImpl.invoke(DelegatingMethodAccessorImpl.java:43)
at java.base/java.lang.reflect.Method.invoke(Method.java:567)
at org.testng.internal.MethodInvocationHelper.invokeMethod(MethodInvocationHelper.java:133)
at org.testng.internal.TestInvoker.invokeMethod(TestInvoker.java:598)
at org.testng.internal.TestInvoker.invokeTestMethod(TestInvoker.java:173)
at org.testng.internal.MethodRunner.runInSequence(MethodRunner.java:46)
at org.testng.internal.TestInvoker$MethodInvocationAgent.invoke(TestInvoker.java:824)
at org.testng.internal.TestInvoker.invokeTestMethods(TestInvoker.java:146)
at org.testng.internal.TestMethodWorker.invokeTestMethods(TestMethodWorker.java:146)
at org.testng.internal.TestMethodWorker.run(TestMethodWorker.java:128)
at java.base/java.util.ArrayList.forEach(ArrayList.java:1511)
at org.testng.TestRunner.privateRun(TestRunner.java:794)
at org.testng.TestRunner.run(TestRunner.java:596)
at org.testng.SuiteRunner.runTest(SuiteRunner.java:377)
at org.testng.SuiteRunner.runSequentially(SuiteRunner.java:371)
at org.testng.SuiteRunner.privateRun(SuiteRunner.java:332)
at org.testng.SuiteRunner.run(SuiteRunner.java:276)
at org.testng.SuiteRunnerWorker.runSuite(SuiteRunnerWorker.java:53)
at org.testng.SuiteRunnerWorker.run(SuiteRunnerWorker.java:96)
at org.testng.TestNG.runSuitesSequentially(TestNG.java:1212)
at org.testng.TestNG.runSuitesLocally(TestNG.java:1134)
at org.testng.TestNG.runSuites(TestNG.java:1063)
at org.testng.TestNG.run(TestNG.java:1031)
at org.testng.remote.AbstractRemoteTestNG.run(AbstractRemoteTestNG.java:115)
at org.testng.remote.RemoteTestNG.initAndRun(RemoteTestNG.java:251)
at org.testng.remote.RemoteTestNG.main(RemoteTestNG.java:77)
]]>
            </full-stacktrace>
          </exception> <!-- java.lang.AssertionError -->
          <reporter-output>
          </reporter-output>
        </test-method> <!-- DoVerifyUsername -->
        <test-method is-config="true" signature="quiteBrowser(org.testng.ITestResult)[pri:0, instance:com.qaautomation.tests.AccountPageTest@6d4d66d2]" started-at="2021-09-02T23:23:14 IST" name="quiteBrowser" finished-at="2021-09-02T23:23:15 IST" duration-ms="1046" status="PASS">
          <params>
            <param index="0">
              <value>
                <![CDATA[[TestResult name=DoVerifyUsername status=FAILURE method=AccountPageTest.DoVerifyUsername()[pri:0, instance:com.qaautomation.tests.AccountPageTest@6d4d66d2] output={null}]]]>
              </value>
            </param>
          </params>
          <reporter-output>
          </reporter-output>
        </test-method> <!-- quiteBrowser -->
        <test-method is-config="true" signature="flushReport()[pri:0, instance:com.qaautomation.tests.AccountPageTest@6d4d66d2]" started-at="2021-09-02T23:23:15 IST" name="flushReport" finished-at="2021-09-02T23:23:16 IST" duration-ms="419" status="PASS">
          <reporter-output>
          </reporter-output>
        </test-method> <!-- flushReport -->
      </class> <!-- com.qaautomation.tests.AccountPageTest -->
    </test> <!-- AccountPageTest -->
  </suite> <!-- Suite -->
</testng-results>
